<?xml version="1.0" encoding="UTF-8"?>
<coverage generated="1622733961697" clover="3.2.0">
  <project timestamp="1622733961698" name="All files">
    <metrics statements="26" coveredstatements="26" conditionals="0" coveredconditionals="0" methods="20" coveredmethods="20" elements="46" coveredelements="46" complexity="0" loc="26" ncloc="26" packages="1" files="2" classes="2"/>
    <file name="firebase-controller.js" path="C:\Users\Lorena RC\Desktop\LIM014-social-network\src\lib\firebase-controller.js">
      <metrics statements="6" coveredstatements="6" conditionals="0" coveredconditionals="0" methods="6" coveredmethods="6"/>
      <line num="4" count="1" type="stmt"/>
      <line num="7" count="1" type="stmt"/>
      <line num="9" count="1" type="stmt"/>
      <line num="11" count="1" type="stmt"/>
      <line num="15" count="1" type="stmt"/>
      <line num="17" count="1" type="stmt"/>
    </file>
    <file name="firestore-controller.js" path="C:\Users\Lorena RC\Desktop\LIM014-social-network\src\lib\firestore-controller.js">
      <metrics statements="20" coveredstatements="20" conditionals="0" coveredconditionals="0" methods="14" coveredmethods="14"/>
      <line num="2" count="1" type="stmt"/>
      <line num="11" count="1" type="stmt"/>
      <line num="16" count="1" type="stmt"/>
      <line num="19" count="1" type="stmt"/>
      <line num="21" count="1" type="stmt"/>
      <line num="26" count="1" type="stmt"/>
      <line num="27" count="1" type="stmt"/>
      <line num="34" count="1" type="stmt"/>
      <line num="37" count="4" type="stmt"/>
      <line num="38" count="4" type="stmt"/>
      <line num="42" count="6" type="stmt"/>
      <line num="43" count="6" type="stmt"/>
      <line num="44" count="6" type="stmt"/>
      <line num="45" count="12" type="stmt"/>
      <line num="47" count="6" type="stmt"/>
      <line num="50" count="1" type="stmt"/>
      <line num="52" count="1" type="stmt"/>
      <line num="53" count="1" type="stmt"/>
      <line num="54" count="1" type="stmt"/>
      <line num="56" count="1" type="stmt"/>
    </file>
  </project>
</coverage>
