{"C:\\Users\\Lorena RC\\Desktop\\LIM014-social-network\\src\\lib\\firebase-controller.js": {"path":"C:\\Users\\Lorena RC\\Desktop\\LIM014-social-network\\src\\lib\\firebase-controller.js","statementMap":{"0":{"start":{"line":4,"column":24},"end":{"line":4,"column":108}},"1":{"start":{"line":4,"column":45},"end":{"line":4,"column":108}},"2":{"start":{"line":7,"column":30},"end":{"line":7,"column":85}},"3":{"start":{"line":7,"column":44},"end":{"line":7,"column":85}},"4":{"start":{"line":9,"column":27},"end":{"line":9,"column":60}},"5":{"start":{"line":9,"column":33},"end":{"line":9,"column":60}},"6":{"start":{"line":11,"column":37},"end":{"line":11,"column":94}},"7":{"start":{"line":11,"column":43},"end":{"line":11,"column":94}},"8":{"start":{"line":15,"column":27},"end":{"line":15,"column":107}},"9":{"start":{"line":15,"column":48},"end":{"line":15,"column":107}},"10":{"start":{"line":17,"column":23},"end":{"line":17,"column":54}},"11":{"start":{"line":17,"column":29},"end":{"line":17,"column":54}}},"fnMap":{"0":{"name":"(anonymous_0)","decl":{"start":{"line":4,"column":24},"end":{"line":4,"column":25}},"loc":{"start":{"line":4,"column":45},"end":{"line":4,"column":108}},"line":4},"1":{"name":"(anonymous_1)","decl":{"start":{"line":7,"column":30},"end":{"line":7,"column":31}},"loc":{"start":{"line":7,"column":44},"end":{"line":7,"column":85}},"line":7},"2":{"name":"(anonymous_2)","decl":{"start":{"line":9,"column":27},"end":{"line":9,"column":28}},"loc":{"start":{"line":9,"column":33},"end":{"line":9,"column":60}},"line":9},"3":{"name":"(anonymous_3)","decl":{"start":{"line":11,"column":37},"end":{"line":11,"column":38}},"loc":{"start":{"line":11,"column":43},"end":{"line":11,"column":94}},"line":11},"4":{"name":"(anonymous_4)","decl":{"start":{"line":15,"column":27},"end":{"line":15,"column":28}},"loc":{"start":{"line":15,"column":48},"end":{"line":15,"column":107}},"line":15},"5":{"name":"(anonymous_5)","decl":{"start":{"line":17,"column":23},"end":{"line":17,"column":24}},"loc":{"start":{"line":17,"column":29},"end":{"line":17,"column":54}},"line":17}},"branchMap":{},"s":{"0":1,"1":1,"2":1,"3":1,"4":1,"5":1,"6":1,"7":1,"8":1,"9":1,"10":1,"11":1},"f":{"0":1,"1":1,"2":1,"3":1,"4":1,"5":1},"b":{},"_coverageSchema":"1a1c01bbd47fc00a2c39e90264f33305004495a9","hash":"23695ed168d8784f7263f377add50f2d06cb9c1b"}
,"C:\\Users\\Lorena RC\\Desktop\\LIM014-social-network\\src\\lib\\firestore-controller.js": {"path":"C:\\Users\\Lorena RC\\Desktop\\LIM014-social-network\\src\\lib\\firestore-controller.js","statementMap":{"0":{"start":{"line":2,"column":23},"end":{"line":10,"column":4}},"1":{"start":{"line":2,"column":58},"end":{"line":10,"column":4}},"2":{"start":{"line":11,"column":24},"end":{"line":14,"column":2}},"3":{"start":{"line":11,"column":38},"end":{"line":14,"column":2}},"4":{"start":{"line":16,"column":26},"end":{"line":16,"column":95}},"5":{"start":{"line":16,"column":36},"end":{"line":16,"column":95}},"6":{"start":{"line":19,"column":24},"end":{"line":19,"column":105}},"7":{"start":{"line":19,"column":39},"end":{"line":19,"column":105}},"8":{"start":{"line":21,"column":32},"end":{"line":24,"column":2}},"9":{"start":{"line":21,"column":46},"end":{"line":24,"column":2}},"10":{"start":{"line":26,"column":26},"end":{"line":35,"column":1}},"11":{"start":{"line":27,"column":28},"end":{"line":33,"column":4}},"12":{"start":{"line":34,"column":2},"end":{"line":34,"column":27}},"13":{"start":{"line":37,"column":23},"end":{"line":39,"column":2}},"14":{"start":{"line":37,"column":41},"end":{"line":39,"column":2}},"15":{"start":{"line":38,"column":2},"end":{"line":38,"column":16}},"16":{"start":{"line":42,"column":35},"end":{"line":48,"column":2}},"17":{"start":{"line":42,"column":57},"end":{"line":48,"column":2}},"18":{"start":{"line":43,"column":17},"end":{"line":43,"column":19}},"19":{"start":{"line":44,"column":2},"end":{"line":46,"column":5}},"20":{"start":{"line":45,"column":4},"end":{"line":45,"column":47}},"21":{"start":{"line":47,"column":2},"end":{"line":47,"column":27}},"22":{"start":{"line":50,"column":30},"end":{"line":57,"column":4}},"23":{"start":{"line":50,"column":52},"end":{"line":57,"column":4}},"24":{"start":{"line":52,"column":19},"end":{"line":52,"column":21}},"25":{"start":{"line":53,"column":4},"end":{"line":55,"column":7}},"26":{"start":{"line":54,"column":6},"end":{"line":54,"column":49}},"27":{"start":{"line":56,"column":4},"end":{"line":56,"column":29}}},"fnMap":{"0":{"name":"(anonymous_0)","decl":{"start":{"line":2,"column":23},"end":{"line":2,"column":24}},"loc":{"start":{"line":2,"column":58},"end":{"line":10,"column":4}},"line":2},"1":{"name":"(anonymous_1)","decl":{"start":{"line":11,"column":24},"end":{"line":11,"column":25}},"loc":{"start":{"line":11,"column":38},"end":{"line":14,"column":2}},"line":11},"2":{"name":"(anonymous_2)","decl":{"start":{"line":16,"column":26},"end":{"line":16,"column":27}},"loc":{"start":{"line":16,"column":36},"end":{"line":16,"column":95}},"line":16},"3":{"name":"(anonymous_3)","decl":{"start":{"line":19,"column":24},"end":{"line":19,"column":25}},"loc":{"start":{"line":19,"column":39},"end":{"line":19,"column":105}},"line":19},"4":{"name":"(anonymous_4)","decl":{"start":{"line":21,"column":32},"end":{"line":21,"column":33}},"loc":{"start":{"line":21,"column":46},"end":{"line":24,"column":2}},"line":21},"5":{"name":"(anonymous_5)","decl":{"start":{"line":26,"column":26},"end":{"line":26,"column":27}},"loc":{"start":{"line":26,"column":64},"end":{"line":35,"column":1}},"line":26},"6":{"name":"(anonymous_6)","decl":{"start":{"line":37,"column":23},"end":{"line":37,"column":24}},"loc":{"start":{"line":37,"column":41},"end":{"line":39,"column":2}},"line":37},"7":{"name":"(anonymous_7)","decl":{"start":{"line":37,"column":101},"end":{"line":37,"column":102}},"loc":{"start":{"line":37,"column":110},"end":{"line":39,"column":1}},"line":37},"8":{"name":"(anonymous_8)","decl":{"start":{"line":42,"column":35},"end":{"line":42,"column":36}},"loc":{"start":{"line":42,"column":57},"end":{"line":48,"column":2}},"line":42},"9":{"name":"(anonymous_9)","decl":{"start":{"line":42,"column":137},"end":{"line":42,"column":138}},"loc":{"start":{"line":42,"column":156},"end":{"line":48,"column":1}},"line":42},"10":{"name":"(anonymous_10)","decl":{"start":{"line":44,"column":24},"end":{"line":44,"column":25}},"loc":{"start":{"line":44,"column":33},"end":{"line":46,"column":3}},"line":44},"11":{"name":"(anonymous_11)","decl":{"start":{"line":50,"column":30},"end":{"line":50,"column":31}},"loc":{"start":{"line":50,"column":52},"end":{"line":57,"column":4}},"line":50},"12":{"name":"(anonymous_12)","decl":{"start":{"line":51,"column":14},"end":{"line":51,"column":15}},"loc":{"start":{"line":51,"column":33},"end":{"line":57,"column":3}},"line":51},"13":{"name":"(anonymous_13)","decl":{"start":{"line":53,"column":26},"end":{"line":53,"column":27}},"loc":{"start":{"line":53,"column":35},"end":{"line":55,"column":5}},"line":53}},"branchMap":{},"s":{"0":1,"1":1,"2":1,"3":1,"4":1,"5":1,"6":1,"7":1,"8":1,"9":1,"10":1,"11":1,"12":1,"13":1,"14":4,"15":4,"16":1,"17":6,"18":6,"19":6,"20":12,"21":6,"22":1,"23":1,"24":1,"25":1,"26":1,"27":1},"f":{"0":1,"1":1,"2":1,"3":1,"4":1,"5":1,"6":4,"7":4,"8":6,"9":6,"10":12,"11":1,"12":1,"13":1},"b":{},"_coverageSchema":"1a1c01bbd47fc00a2c39e90264f33305004495a9","hash":"9e37a1ab40c8f4fc45966bb5e25c3fdef0754a7d"}
}
