TN:
SF:src\lib\firebase-controller.js
FN:4,(anonymous_0)
FN:7,(anonymous_1)
FN:9,(anonymous_2)
FN:11,(anonymous_3)
FN:15,(anonymous_4)
FN:17,(anonymous_5)
FNF:6
FNH:6
FNDA:1,(anonymous_0)
FNDA:1,(anonymous_1)
FNDA:1,(anonymous_2)
FNDA:1,(anonymous_3)
FNDA:1,(anonymous_4)
FNDA:1,(anonymous_5)
DA:4,1
DA:7,1
DA:9,1
DA:11,1
DA:15,1
DA:17,1
LF:6
LH:6
BRF:0
BRH:0
end_of_record
TN:
SF:src\lib\firestore-controller.js
FN:2,(anonymous_0)
FN:11,(anonymous_1)
FN:16,(anonymous_2)
FN:19,(anonymous_3)
FN:21,(anonymous_4)
FN:26,(anonymous_5)
FN:37,(anonymous_6)
FN:37,(anonymous_7)
FN:42,(anonymous_8)
FN:42,(anonymous_9)
FN:44,(anonymous_10)
FN:50,(anonymous_11)
FN:51,(anonymous_12)
FN:53,(anonymous_13)
FNF:14
FNH:14
FNDA:1,(anonymous_0)
FNDA:1,(anonymous_1)
FNDA:1,(anonymous_2)
FNDA:1,(anonymous_3)
FNDA:1,(anonymous_4)
FNDA:1,(anonymous_5)
FNDA:4,(anonymous_6)
FNDA:4,(anonymous_7)
FNDA:6,(anonymous_8)
FNDA:6,(anonymous_9)
FNDA:12,(anonymous_10)
FNDA:1,(anonymous_11)
FNDA:1,(anonymous_12)
FNDA:1,(anonymous_13)
DA:2,1
DA:11,1
DA:16,1
DA:19,1
DA:21,1
DA:26,1
DA:27,1
DA:34,1
DA:37,4
DA:38,4
DA:42,6
DA:43,6
DA:44,6
DA:45,12
DA:47,6
DA:50,1
DA:52,1
DA:53,1
DA:54,1
DA:56,1
LF:20
LH:20
BRF:0
BRH:0
end_of_record
